<?xml version="1.0" encoding="UTF-8"?>
<!-- Generated by org.testng.reporters.JUnitReportReporter -->
<testsuite hostname="Siddig-HP" failures="0" tests="25" name="AccountFeature" time="36.790" errors="0" timestamp="17 Feb 2019 01:38:42 GMT" skipped="24">
  <testcase classname="AccountFeature" name="logout" time="36.790"/>
  <testcase classname="AccountFeature" name="connectsTest">
    <skipped/>
  </testcase> <!-- connectsTest -->
  <testcase classname="AccountFeature" name="searchTest">
    <skipped/>
  </testcase> <!-- searchTest -->
  <testcase classname="AccountFeature" name="jobPostTest">
    <skipped/>
  </testcase> <!-- jobPostTest -->
  <testcase classname="AccountFeature" name="safetyTest">
    <skipped/>
  </testcase> <!-- safetyTest -->
  <testcase classname="AccountFeature" name="free">
    <skipped/>
  </testcase> <!-- free -->
  <testcase classname="AccountFeature" name="legalTest">
    <skipped/>
  </testcase> <!-- legalTest -->
  <testcase classname="AccountFeature" name="gigsEventTest">
    <skipped/>
  </testcase> <!-- gigsEventTest -->
  <testcase classname="AccountFeature" name="musicTest">
    <skipped/>
  </testcase> <!-- musicTest -->
  <testcase classname="AccountFeature" name="feedbackTest">
    <skipped/>
  </testcase> <!-- feedbackTest -->
  <testcase classname="AccountFeature" name="houseTest">
    <skipped/>
  </testcase> <!-- houseTest -->
  <testcase classname="AccountFeature" name="resumesTest">
    <skipped/>
  </testcase> <!-- resumesTest -->
  <testcase classname="AccountFeature" name="eventCalendarTest">
    <skipped/>
  </testcase> <!-- eventCalendarTest -->
  <testcase classname="AccountFeature" name="housingSwabTest">
    <skipped/>
  </testcase> <!-- housingSwabTest -->
  <testcase classname="AccountFeature" name="login">
    <skipped/>
  </testcase> <!-- login -->
  <testcase classname="AccountFeature" name="aboyCraiglistTest">
    <skipped/>
  </testcase> <!-- aboyCraiglistTest -->
  <testcase classname="AccountFeature" name="termsTest">
    <skipped/>
  </testcase> <!-- termsTest -->
  <testcase classname="AccountFeature" name="searchCarDCTest">
    <skipped/>
  </testcase> <!-- searchCarDCTest -->
  <testcase classname="AccountFeature" name="foundALost">
    <skipped/>
  </testcase> <!-- foundALost -->
  <testcase classname="AccountFeature" name="compGigTest">
    <skipped/>
  </testcase> <!-- compGigTest -->
  <testcase classname="AccountFeature" name="privacyTest">
    <skipped/>
  </testcase> <!-- privacyTest -->
  <testcase classname="AccountFeature" name="SearchDCTest">
    <skipped/>
  </testcase> <!-- SearchDCTest -->
  <testcase classname="AccountFeature" name="laborMoveTest">
    <skipped/>
  </testcase> <!-- laborMoveTest -->
  <testcase classname="AccountFeature" name="govJobTest">
    <skipped/>
  </testcase> <!-- govJobTest -->
  <testcase classname="AccountFeature" name="activitiesTest">
    <skipped/>
  </testcase> <!-- activitiesTest -->
</testsuite> <!-- AccountFeature -->
